<?xml version="1.0" encoding="UTF-8"?>
<testng-results ignored="0" total="2" passed="2" failed="0" skipped="0">
  <reporter-output>
  </reporter-output>
  <suite started-at="2023-11-03T17:29:48 IST" name="Temporary Suite" finished-at="2023-11-03T17:30:26 IST" duration-ms="38607">
    <groups>
    </groups>
    <test started-at="2023-11-03T17:29:48 IST" name="Test2" finished-at="2023-11-03T17:29:56 IST" duration-ms="7820">
      <class name="org.example.cricbuzz.tests.CheckRankings">
        <test-method is-config="true" signature="beforeSuite()[pri:0, instance:org.example.cricbuzz.tests.CheckRankings@7f552bd3]" started-at="2023-11-03T17:29:48 IST" name="beforeSuite" finished-at="2023-11-03T17:29:48 IST" duration-ms="190" status="PASS">
          <reporter-output>
          </reporter-output>
        </test-method> <!-- beforeSuite -->
        <test-method is-config="true" signature="setUp(java.lang.String)[pri:0, instance:org.example.cricbuzz.tests.CheckRankings@7f552bd3]" started-at="2023-11-03T17:29:48 IST" name="setUp" finished-at="2023-11-03T17:29:50 IST" duration-ms="2506" status="PASS">
          <params>
            <param index="0">
              <value>
                <![CDATA[chrome]]>
              </value>
            </param>
          </params>
          <reporter-output>
          </reporter-output>
        </test-method> <!-- setUp -->
        <test-method signature="rankingTest()[pri:0, instance:org.example.cricbuzz.tests.CheckRankings@7f552bd3]" started-at="2023-11-03T17:29:50 IST" name="rankingTest" finished-at="2023-11-03T17:29:55 IST" duration-ms="4988" status="PASS">
          <reporter-output>
          </reporter-output>
        </test-method> <!-- rankingTest -->
        <test-method is-config="true" signature="tearDown()[pri:0, instance:org.example.cricbuzz.tests.CheckRankings@7f552bd3]" started-at="2023-11-03T17:29:55 IST" name="tearDown" finished-at="2023-11-03T17:29:56 IST" duration-ms="299" status="PASS">
          <reporter-output>
          </reporter-output>
        </test-method> <!-- tearDown -->
        <test-method is-config="true" signature="afterSuite()[pri:0, instance:org.example.cricbuzz.tests.CheckRankings@7f552bd3]" started-at="2023-11-03T17:30:26 IST" name="afterSuite" finished-at="2023-11-03T17:30:27 IST" duration-ms="444" status="PASS">
          <reporter-output>
          </reporter-output>
        </test-method> <!-- afterSuite -->
      </class> <!-- org.example.cricbuzz.tests.CheckRankings -->
    </test> <!-- Test2 -->
    <test started-at="2023-11-03T17:29:48 IST" name="Test1" finished-at="2023-11-03T17:30:26 IST" duration-ms="38607">
      <class name="org.example.cricbuzz.tests.CheckBrokenLinks">
        <test-method is-config="true" signature="setUp(java.lang.String)[pri:0, instance:org.example.cricbuzz.tests.CheckBrokenLinks@1a04f701]" started-at="2023-11-03T17:29:48 IST" name="setUp" finished-at="2023-11-03T17:29:50 IST" duration-ms="2506" status="PASS">
          <params>
            <param index="0">
              <value>
                <![CDATA[chrome]]>
              </value>
            </param>
          </params>
          <reporter-output>
          </reporter-output>
        </test-method> <!-- setUp -->
        <test-method signature="test1()[pri:0, instance:org.example.cricbuzz.tests.CheckBrokenLinks@1a04f701]" started-at="2023-11-03T17:29:50 IST" name="test1" finished-at="2023-11-03T17:30:26 IST" duration-ms="35480" status="PASS">
          <reporter-output>
          </reporter-output>
        </test-method> <!-- test1 -->
        <test-method is-config="true" signature="tearDown()[pri:0, instance:org.example.cricbuzz.tests.CheckBrokenLinks@1a04f701]" started-at="2023-11-03T17:30:26 IST" name="tearDown" finished-at="2023-11-03T17:30:26 IST" duration-ms="602" status="PASS">
          <reporter-output>
          </reporter-output>
        </test-method> <!-- tearDown -->
      </class> <!-- org.example.cricbuzz.tests.CheckBrokenLinks -->
    </test> <!-- Test1 -->
  </suite> <!-- Temporary Suite -->
</testng-results>
